Performing C SOURCE FILE Test CMAKE_HAVE_LIBC_PTHREAD failed with the following output:
Change Dir: /home/bernold/CLionProjects/operativos/cmake-build-debug/CMakeFiles/CMakeTmp

Run Build Command(s):/usr/bin/make cmTC_b4e23/fast && make[1]: Entering directory '/home/bernold/CLionProjects/operativos/cmake-build-debug/CMakeFiles/CMakeTmp'
/usr/bin/make  -f CMakeFiles/cmTC_b4e23.dir/build.make CMakeFiles/cmTC_b4e23.dir/build
make[2]: Entering directory '/home/bernold/CLionProjects/operativos/cmake-build-debug/CMakeFiles/CMakeTmp'
Building C object CMakeFiles/cmTC_b4e23.dir/src.c.o
/usr/bin/cc   -DCMAKE_HAVE_LIBC_PTHREAD   -std=gnu99 -o CMakeFiles/cmTC_b4e23.dir/src.c.o   -c /home/bernold/CLionProjects/operativos/cmake-build-debug/CMakeFiles/CMakeTmp/src.c
Linking C executable cmTC_b4e23
/home/bernold/Desktop/clion-2020.2.4/bin/cmake/linux/bin/cmake -E cmake_link_script CMakeFiles/cmTC_b4e23.dir/link.txt --verbose=1
/usr/bin/cc  -DCMAKE_HAVE_LIBC_PTHREAD    CMakeFiles/cmTC_b4e23.dir/src.c.o  -o cmTC_b4e23 
/usr/bin/ld: CMakeFiles/cmTC_b4e23.dir/src.c.o: in function `main':
src.c:(.text+0x46): undefined reference to `pthread_create'
/usr/bin/ld: src.c:(.text+0x52): undefined reference to `pthread_detach'
/usr/bin/ld: src.c:(.text+0x5e): undefined reference to `pthread_cancel'
/usr/bin/ld: src.c:(.text+0x6f): undefined reference to `pthread_join'
collect2: error: ld returned 1 exit status
make[2]: *** [CMakeFiles/cmTC_b4e23.dir/build.make:107: cmTC_b4e23] Error 1
make[2]: Leaving directory '/home/bernold/CLionProjects/operativos/cmake-build-debug/CMakeFiles/CMakeTmp'
make[1]: *** [Makefile:141: cmTC_b4e23/fast] Error 2
make[1]: Leaving directory '/home/bernold/CLionProjects/operativos/cmake-build-debug/CMakeFiles/CMakeTmp'


Source file was:
#include <pthread.h>

void* test_func(void* data)
{
  return data;
}

int main(void)
{
  pthread_t thread;
  pthread_create(&thread, NULL, test_func, NULL);
  pthread_detach(thread);
  pthread_cancel(thread);
  pthread_join(thread, NULL);
  pthread_atfork(NULL, NULL, NULL);
  pthread_exit(NULL);

  return 0;
}

